  [1m[35m (0.3ms)[0m  [1m[35mSET NAMES utf8,  @@SESSION.sql_mode = 'NO_ENGINE_SUBSTITUTION',  @@SESSION.sql_auto_is_null = 0, @@SESSION.wait_timeout = 2147483[0m
  [1m[35m (25.6ms)[0m  [1m[35mCREATE TABLE `schema_migrations` (`version` varchar(255) NOT NULL PRIMARY KEY) ENGINE=InnoDB[0m
  [1m[35m (27.1ms)[0m  [1m[35mCREATE TABLE `ar_internal_metadata` (`key` varchar(255) NOT NULL PRIMARY KEY, `value` varchar(255), `created_at` datetime NOT NULL, `updated_at` datetime NOT NULL) ENGINE=InnoDB[0m
  [1m[35m (0.4ms)[0m  [1m[34mSELECT GET_LOCK('2899775871999106800', 0)[0m
  [1m[35m (0.2ms)[0m  [1m[34mSELECT `schema_migrations`.`version` FROM `schema_migrations` ORDER BY `schema_migrations`.`version` ASC[0m
Migrating to CreateUsers (20230918133658)
  [1m[35m (26.6ms)[0m  [1m[35mCREATE TABLE `users` (`id` bigint NOT NULL AUTO_INCREMENT PRIMARY KEY, `name` varchar(255), `email` varchar(255), `created_at` datetime NOT NULL, `updated_at` datetime NOT NULL) ENGINE=InnoDB[0m
  [1m[35m (0.2ms)[0m  [1m[35mBEGIN[0m
  [1m[35mSQL (0.2ms)[0m  [1m[32mINSERT INTO `schema_migrations` (`version`) VALUES ('20230918133658')[0m
  [1m[35m (0.4ms)[0m  [1m[35mCOMMIT[0m
  [1m[36mActiveRecord::InternalMetadata Load (0.3ms)[0m  [1m[34mSELECT  `ar_internal_metadata`.* FROM `ar_internal_metadata` WHERE `ar_internal_metadata`.`key` = 'environment' LIMIT 1[0m
  [1m[35m (0.2ms)[0m  [1m[35mBEGIN[0m
  [1m[35mSQL (0.2ms)[0m  [1m[32mINSERT INTO `ar_internal_metadata` (`key`, `value`, `created_at`, `updated_at`) VALUES ('environment', 'development', '2023-09-18 13:38:05', '2023-09-18 13:38:05')[0m
  [1m[35m (0.4ms)[0m  [1m[35mCOMMIT[0m
  [1m[35m (0.2ms)[0m  [1m[34mSELECT RELEASE_LOCK('2899775871999106800')[0m
  [1m[35m (0.2ms)[0m  [1m[34mSELECT `schema_migrations`.`version` FROM `schema_migrations` ORDER BY `schema_migrations`.`version` ASC[0m
Started GET "/" for ::1 at 2023-09-18 19:08:32 +0530
  [1m[35m (0.3ms)[0m  [1m[35mSET NAMES utf8,  @@SESSION.sql_mode = 'NO_ENGINE_SUBSTITUTION',  @@SESSION.sql_auto_is_null = 0, @@SESSION.wait_timeout = 2147483[0m
  [1m[35m (0.2ms)[0m  [1m[34mSELECT `schema_migrations`.`version` FROM `schema_migrations` ORDER BY `schema_migrations`.`version` ASC[0m
Processing by Rails::WelcomeController#index as HTML
  Rendering /Users/vmari/.rvm/gems/ruby-2.6.10/gems/railties-5.1.7/lib/rails/templates/rails/welcome/index.html.erb
  Rendered /Users/vmari/.rvm/gems/ruby-2.6.10/gems/railties-5.1.7/lib/rails/templates/rails/welcome/index.html.erb (1.9ms)
Completed 200 OK in 12ms (Views: 6.1ms | ActiveRecord: 0.0ms)


Started GET "/users" for ::1 at 2023-09-18 19:08:38 +0530
Processing by UsersController#index as HTML
  Rendering users/index.html.erb within layouts/application
  [1m[35m (0.2ms)[0m  [1m[35mSET NAMES utf8,  @@SESSION.sql_mode = 'NO_ENGINE_SUBSTITUTION',  @@SESSION.sql_auto_is_null = 0, @@SESSION.wait_timeout = 2147483[0m
  [1m[36mUser Load (0.3ms)[0m  [1m[34mSELECT `users`.* FROM `users`[0m
  Rendered users/index.html.erb within layouts/application (5.0ms)
Completed 200 OK in 789ms (Views: 785.3ms | ActiveRecord: 0.8ms)


Started GET "/users/new" for ::1 at 2023-09-18 19:08:43 +0530
Processing by UsersController#new as HTML
  Rendering users/new.html.erb within layouts/application
  Rendered users/_form.html.erb (14.0ms)
  Rendered users/new.html.erb within layouts/application (15.1ms)
Completed 200 OK in 33ms (Views: 26.7ms | ActiveRecord: 0.9ms)


Started POST "/users" for ::1 at 2023-09-18 19:09:03 +0530
Processing by UsersController#create as HTML
  Parameters: {"utf8"=>"✓", "authenticity_token"=>"yHTbAA5bPpVpfViFgM/TMmWwa3XwmAPB0W2X57bY6VnJvkmlZDDl9Z/Ok0wid8rrflFlsQ8aT6XyZCo87UwAxg==", "user"=>{"name"=>"Venkatakrishnan", "email"=>"venkatakrishnan434@gmail.com"}, "commit"=>"Create User"}
  [1m[35m (0.3ms)[0m  [1m[35mBEGIN[0m
  [1m[35mSQL (0.4ms)[0m  [1m[32mINSERT INTO `users` (`name`, `email`, `created_at`, `updated_at`) VALUES ('Venkatakrishnan', 'venkatakrishnan434@gmail.com', '2023-09-18 13:39:03', '2023-09-18 13:39:03')[0m
  [1m[35m (0.4ms)[0m  [1m[35mCOMMIT[0m
Redirected to http://localhost:3000/users/1
Completed 302 Found in 4ms (ActiveRecord: 1.0ms)


Started GET "/users/1" for ::1 at 2023-09-18 19:09:03 +0530
Processing by UsersController#show as HTML
  Parameters: {"id"=>"1"}
  [1m[36mUser Load (0.3ms)[0m  [1m[34mSELECT  `users`.* FROM `users` WHERE `users`.`id` = 1 LIMIT 1[0m
  Rendering users/show.html.erb within layouts/application
  Rendered users/show.html.erb within layouts/application (0.5ms)
Completed 200 OK in 17ms (Views: 12.1ms | ActiveRecord: 0.3ms)


Started GET "/users" for ::1 at 2023-09-18 19:09:06 +0530
Processing by UsersController#index as HTML
  Rendering users/index.html.erb within layouts/application
  [1m[36mUser Load (0.3ms)[0m  [1m[34mSELECT `users`.* FROM `users`[0m
  Rendered users/index.html.erb within layouts/application (1.7ms)
Completed 200 OK in 15ms (Views: 13.4ms | ActiveRecord: 0.3ms)


Started GET "/users/1" for ::1 at 2023-09-18 19:10:26 +0530
Processing by UsersController#show as HTML
  Parameters: {"id"=>"1"}
  [1m[36mUser Load (0.4ms)[0m  [1m[34mSELECT  `users`.* FROM `users` WHERE `users`.`id` = 1 LIMIT 1[0m
  Rendering users/show.html.erb within layouts/application
  Rendered users/show.html.erb within layouts/application (0.8ms)
Completed 200 OK in 21ms (Views: 18.8ms | ActiveRecord: 0.4ms)


Started GET "/users" for ::1 at 2023-09-18 19:10:28 +0530
Processing by UsersController#index as HTML
  Rendering users/index.html.erb within layouts/application
  [1m[36mUser Load (0.3ms)[0m  [1m[34mSELECT `users`.* FROM `users`[0m
  Rendered users/index.html.erb within layouts/application (1.7ms)
Completed 200 OK in 16ms (Views: 14.8ms | ActiveRecord: 0.3ms)


Started GET "/users/1/edit" for ::1 at 2023-09-18 19:10:29 +0530
Processing by UsersController#edit as HTML
  Parameters: {"id"=>"1"}
  [1m[36mUser Load (0.4ms)[0m  [1m[34mSELECT  `users`.* FROM `users` WHERE `users`.`id` = 1 LIMIT 1[0m
  Rendering users/edit.html.erb within layouts/application
  Rendered users/_form.html.erb (1.4ms)
  Rendered users/edit.html.erb within layouts/application (2.4ms)
Completed 200 OK in 19ms (Views: 17.2ms | ActiveRecord: 0.4ms)


Started GET "/users" for ::1 at 2023-09-18 19:10:31 +0530
Processing by UsersController#index as HTML
  Rendering users/index.html.erb within layouts/application
  [1m[36mUser Load (0.3ms)[0m  [1m[34mSELECT `users`.* FROM `users`[0m
  Rendered users/index.html.erb within layouts/application (1.7ms)
Completed 200 OK in 15ms (Views: 14.2ms | ActiveRecord: 0.3ms)


  [1m[35m (10.9ms)[0m  [1m[35mSET NAMES utf8,  @@SESSION.sql_mode = 'NO_ENGINE_SUBSTITUTION',  @@SESSION.sql_auto_is_null = 0, @@SESSION.wait_timeout = 2147483[0m
  [1m[35m (1.4ms)[0m  [1m[34mSELECT GET_LOCK('2899775871999106800', 0)[0m
  [1m[35m (1.0ms)[0m  [1m[34mSELECT `schema_migrations`.`version` FROM `schema_migrations` ORDER BY `schema_migrations`.`version` ASC[0m
Migrating to CreateAuthors (20230918163818)
  [1m[35m (44.7ms)[0m  [1m[35mCREATE TABLE `authors` (`id` bigint NOT NULL AUTO_INCREMENT PRIMARY KEY, `name` varchar(255), `birthdate` date, `nationality` varchar(255), `created_at` datetime NOT NULL, `updated_at` datetime NOT NULL) ENGINE=InnoDB[0m
  [1m[35m (0.2ms)[0m  [1m[35mBEGIN[0m
  [1m[35mSQL (0.7ms)[0m  [1m[32mINSERT INTO `schema_migrations` (`version`) VALUES ('20230918163818')[0m
  [1m[35m (0.3ms)[0m  [1m[35mCOMMIT[0m
Migrating to CreateBooks (20230918163831)
  [1m[35m (36.9ms)[0m  [1m[35mCREATE TABLE `books` (`id` bigint NOT NULL AUTO_INCREMENT PRIMARY KEY, `title` varchar(255), `user_id` bigint, `author_id` bigint, `published_date` date, `isbn` varchar(255), `created_at` datetime NOT NULL, `updated_at` datetime NOT NULL,  INDEX `index_books_on_user_id`  (`user_id`),  INDEX `index_books_on_author_id`  (`author_id`), CONSTRAINT `fk_rails_bc582ddd02`
FOREIGN KEY (`user_id`)
  REFERENCES `users` (`id`)
, CONSTRAINT `fk_rails_53d51ce16a`
FOREIGN KEY (`author_id`)
  REFERENCES `authors` (`id`)
) ENGINE=InnoDB[0m
  [1m[35m (0.2ms)[0m  [1m[35mBEGIN[0m
  [1m[35mSQL (0.8ms)[0m  [1m[32mINSERT INTO `schema_migrations` (`version`) VALUES ('20230918163831')[0m
  [1m[35m (0.3ms)[0m  [1m[35mCOMMIT[0m
  [1m[36mActiveRecord::InternalMetadata Load (0.3ms)[0m  [1m[34mSELECT  `ar_internal_metadata`.* FROM `ar_internal_metadata` WHERE `ar_internal_metadata`.`key` = 'environment' LIMIT 1[0m
  [1m[35m (0.2ms)[0m  [1m[35mBEGIN[0m
  [1m[35m (0.2ms)[0m  [1m[35mCOMMIT[0m
  [1m[35m (0.2ms)[0m  [1m[34mSELECT RELEASE_LOCK('2899775871999106800')[0m
  [1m[35m (0.2ms)[0m  [1m[34mSELECT `schema_migrations`.`version` FROM `schema_migrations` ORDER BY `schema_migrations`.`version` ASC[0m
Started GET "/" for ::1 at 2023-09-18 22:10:33 +0530
  [1m[35m (0.3ms)[0m  [1m[35mSET NAMES utf8,  @@SESSION.sql_mode = 'NO_ENGINE_SUBSTITUTION',  @@SESSION.sql_auto_is_null = 0, @@SESSION.wait_timeout = 2147483[0m
  [1m[35m (0.2ms)[0m  [1m[34mSELECT `schema_migrations`.`version` FROM `schema_migrations` ORDER BY `schema_migrations`.`version` ASC[0m
Processing by Rails::WelcomeController#index as HTML
  Rendering /Users/vmari/.rvm/gems/ruby-2.6.10/gems/railties-5.1.7/lib/rails/templates/rails/welcome/index.html.erb
  Rendered /Users/vmari/.rvm/gems/ruby-2.6.10/gems/railties-5.1.7/lib/rails/templates/rails/welcome/index.html.erb (2.4ms)
Completed 200 OK in 12ms (Views: 6.5ms | ActiveRecord: 0.0ms)


Started GET "/books" for ::1 at 2023-09-18 22:10:39 +0530
Processing by BooksController#index as HTML
  Rendering books/index.html.erb within layouts/application
  [1m[35m (0.2ms)[0m  [1m[35mSET NAMES utf8,  @@SESSION.sql_mode = 'NO_ENGINE_SUBSTITUTION',  @@SESSION.sql_auto_is_null = 0, @@SESSION.wait_timeout = 2147483[0m
  [1m[36mBook Load (2.0ms)[0m  [1m[34mSELECT `books`.* FROM `books`[0m
  Rendered books/index.html.erb within layouts/application (7.6ms)
Completed 200 OK in 303ms (Views: 294.1ms | ActiveRecord: 2.8ms)


Started GET "/books/new" for ::1 at 2023-09-18 22:10:42 +0530
Processing by BooksController#new as HTML
  Rendering books/new.html.erb within layouts/application
  Rendered books/_form.html.erb (16.8ms)
  Rendered books/new.html.erb within layouts/application (17.7ms)
Completed 200 OK in 39ms (Views: 32.5ms | ActiveRecord: 1.0ms)


Started POST "/books" for ::1 at 2023-09-18 22:12:50 +0530
Processing by BooksController#create as HTML
  Parameters: {"utf8"=>"✓", "authenticity_token"=>"mzs6eZDu1hN0uwQ7cpmheH6zZ6qlfkKndNXLkiORpd9dyqWZ3a9976o2Dao5bS9qZi4ji8baPSZw9XPiLPcpgA==", "book"=>{"title"=>"Harry Potter", "user_id"=>"1", "author_id"=>"J. K. Rowling", "published_date(1i)"=>"2018", "published_date(2i)"=>"9", "published_date(3i)"=>"18", "isbn"=>"123456789"}, "commit"=>"Create Book"}
  [1m[35m (0.2ms)[0m  [1m[35mBEGIN[0m
  [1m[36mUser Load (0.4ms)[0m  [1m[34mSELECT  `users`.* FROM `users` WHERE `users`.`id` = 1 LIMIT 1[0m
  [1m[36mAuthor Load (0.3ms)[0m  [1m[34mSELECT  `authors`.* FROM `authors` WHERE `authors`.`id` = 0 LIMIT 1[0m
  [1m[35m (0.2ms)[0m  [1m[31mROLLBACK[0m
  Rendering books/new.html.erb within layouts/application
  Rendered books/_form.html.erb (3.0ms)
  Rendered books/new.html.erb within layouts/application (3.8ms)
Completed 422 Unprocessable Entity in 44ms (Views: 17.6ms | ActiveRecord: 3.5ms)


Started GET "/books" for ::1 at 2023-09-18 22:13:06 +0530
Processing by BooksController#index as HTML
  Rendering books/index.html.erb within layouts/application
  [1m[36mBook Load (1.3ms)[0m  [1m[34mSELECT `books`.* FROM `books`[0m
  Rendered books/index.html.erb within layouts/application (2.4ms)
Completed 200 OK in 18ms (Views: 16.3ms | ActiveRecord: 1.3ms)


Started GET "/authors" for ::1 at 2023-09-18 22:13:15 +0530
Processing by AuthorsController#index as HTML
  Rendering authors/index.html.erb within layouts/application
  [1m[36mAuthor Load (0.3ms)[0m  [1m[34mSELECT `authors`.* FROM `authors`[0m
  Rendered authors/index.html.erb within layouts/application (1.5ms)
Completed 200 OK in 17ms (Views: 15.9ms | ActiveRecord: 0.3ms)


Started GET "/authors/new" for ::1 at 2023-09-18 22:13:16 +0530
Processing by AuthorsController#new as HTML
  Rendering authors/new.html.erb within layouts/application
  Rendered authors/_form.html.erb (2.5ms)
  Rendered authors/new.html.erb within layouts/application (3.5ms)
Completed 200 OK in 25ms (Views: 20.4ms | ActiveRecord: 0.0ms)


Started POST "/authors" for ::1 at 2023-09-18 22:14:59 +0530
Processing by AuthorsController#create as HTML
  Parameters: {"utf8"=>"✓", "authenticity_token"=>"aehaqSjEpYYXYE2C9nqIk/kLoyaqzBT7aZ0UNwCbrbxDo2PszGUbt6ogpkKm6nNnhv84lN6fRIIX3t8GZya1IQ==", "author"=>{"name"=>"J. K. Rowling", "birthdate(1i)"=>"2018", "birthdate(2i)"=>"8", "birthdate(3i)"=>"16", "nationality"=>"British"}, "commit"=>"Create Author"}
  [1m[35m (0.2ms)[0m  [1m[35mBEGIN[0m
  [1m[35mSQL (2.1ms)[0m  [1m[32mINSERT INTO `authors` (`name`, `birthdate`, `nationality`, `created_at`, `updated_at`) VALUES ('J. K. Rowling', '2018-08-16', 'British', '2023-09-18 16:44:59', '2023-09-18 16:44:59')[0m
  [1m[35m (0.4ms)[0m  [1m[35mCOMMIT[0m
Redirected to http://localhost:3000/authors/1
Completed 302 Found in 6ms (ActiveRecord: 2.7ms)


Started GET "/authors/1" for ::1 at 2023-09-18 22:14:59 +0530
Processing by AuthorsController#show as HTML
  Parameters: {"id"=>"1"}
  [1m[36mAuthor Load (0.9ms)[0m  [1m[34mSELECT  `authors`.* FROM `authors` WHERE `authors`.`id` = 1 LIMIT 1[0m
  Rendering authors/show.html.erb within layouts/application
  Rendered authors/show.html.erb within layouts/application (0.5ms)
Completed 200 OK in 20ms (Views: 16.8ms | ActiveRecord: 0.9ms)


Started GET "/authors" for ::1 at 2023-09-18 22:15:01 +0530
Processing by AuthorsController#index as HTML
  Rendering authors/index.html.erb within layouts/application
  [1m[36mAuthor Load (0.3ms)[0m  [1m[34mSELECT `authors`.* FROM `authors`[0m
  Rendered authors/index.html.erb within layouts/application (1.6ms)
Completed 200 OK in 19ms (Views: 17.5ms | ActiveRecord: 0.3ms)


Started GET "/books" for ::1 at 2023-09-18 22:23:10 +0530
Processing by BooksController#index as HTML
  Rendering books/index.html.erb within layouts/application
  [1m[36mBook Load (0.3ms)[0m  [1m[34mSELECT `books`.* FROM `books`[0m
  Rendered books/index.html.erb within layouts/application (1.7ms)
Completed 200 OK in 20ms (Views: 19.2ms | ActiveRecord: 0.3ms)


Started GET "/books/new" for ::1 at 2023-09-18 22:23:12 +0530
Processing by BooksController#new as HTML
  Rendering books/new.html.erb within layouts/application
  Rendered books/_form.html.erb (2.5ms)
  Rendered books/new.html.erb within layouts/application (3.3ms)
Completed 200 OK in 31ms (Views: 29.9ms | ActiveRecord: 0.0ms)


Started POST "/books" for ::1 at 2023-09-18 22:25:17 +0530
Processing by BooksController#create as HTML
  Parameters: {"utf8"=>"✓", "authenticity_token"=>"Ts5rX30geVGigC3FUt5dlrnuCLHSRM9mFRkWTXaueLaIP/S/MGHSrXwNJFQZKtOEoXNMkLHgsOcROa49ecj06Q==", "book"=>{"title"=>"Harry potter", "user_id"=>"Venkatakrishnan", "author_id"=>"J. K. Rowling", "published_date(1i)"=>"2019", "published_date(2i)"=>"3", "published_date(3i)"=>"10", "isbn"=>"1234567890987654"}, "commit"=>"Create Book"}
  [1m[35m (0.2ms)[0m  [1m[35mBEGIN[0m
  [1m[36mUser Load (0.3ms)[0m  [1m[34mSELECT  `users`.* FROM `users` WHERE `users`.`id` = 0 LIMIT 1[0m
  [1m[36mAuthor Load (0.3ms)[0m  [1m[34mSELECT  `authors`.* FROM `authors` WHERE `authors`.`id` = 0 LIMIT 1[0m
  [1m[35m (0.2ms)[0m  [1m[31mROLLBACK[0m
  Rendering books/new.html.erb within layouts/application
  Rendered books/_form.html.erb (2.5ms)
  Rendered books/new.html.erb within layouts/application (3.3ms)
Completed 422 Unprocessable Entity in 24ms (Views: 19.4ms | ActiveRecord: 0.9ms)


Started POST "/books" for ::1 at 2023-09-18 22:28:19 +0530
Processing by BooksController#create as HTML
  Parameters: {"utf8"=>"✓", "authenticity_token"=>"jGtVta3aupYBLRXLBza8dRgixKDqvTgekmKbYptTxMe46U9GZmjmv9uSdNA0kPcmL/Hkv3wvZ8cquzE93/iyAA==", "book"=>{"title"=>"Harry potter", "user_id"=>"1", "author_id"=>"1", "published_date(1i)"=>"2019", "published_date(2i)"=>"3", "published_date(3i)"=>"10", "isbn"=>"1234567890987654"}, "commit"=>"Create Book"}
  [1m[35m (0.2ms)[0m  [1m[35mBEGIN[0m
  [1m[36mUser Load (0.4ms)[0m  [1m[34mSELECT  `users`.* FROM `users` WHERE `users`.`id` = 1 LIMIT 1[0m
  [1m[36mAuthor Load (0.3ms)[0m  [1m[34mSELECT  `authors`.* FROM `authors` WHERE `authors`.`id` = 1 LIMIT 1[0m
  [1m[35mSQL (0.3ms)[0m  [1m[32mINSERT INTO `books` (`title`, `user_id`, `author_id`, `published_date`, `isbn`, `created_at`, `updated_at`) VALUES ('Harry potter', 1, 1, '2019-03-10', '1234567890987654', '2023-09-18 16:58:19', '2023-09-18 16:58:19')[0m
  [1m[35m (0.4ms)[0m  [1m[35mCOMMIT[0m
Redirected to http://localhost:3000/books/1
Completed 302 Found in 5ms (ActiveRecord: 1.5ms)


Started GET "/books/1" for ::1 at 2023-09-18 22:28:19 +0530
Processing by BooksController#show as HTML
  Parameters: {"id"=>"1"}
  [1m[36mBook Load (0.4ms)[0m  [1m[34mSELECT  `books`.* FROM `books` WHERE `books`.`id` = 1 LIMIT 1[0m
  Rendering books/show.html.erb within layouts/application
  [1m[36mUser Load (0.3ms)[0m  [1m[34mSELECT  `users`.* FROM `users` WHERE `users`.`id` = 1 LIMIT 1[0m
  [1m[36mAuthor Load (0.2ms)[0m  [1m[34mSELECT  `authors`.* FROM `authors` WHERE `authors`.`id` = 1 LIMIT 1[0m
  Rendered books/show.html.erb within layouts/application (2.2ms)
Completed 200 OK in 20ms (Views: 15.8ms | ActiveRecord: 1.0ms)


Started GET "/books" for ::1 at 2023-09-18 22:28:28 +0530
Processing by BooksController#index as HTML
  Rendering books/index.html.erb within layouts/application
  [1m[36mBook Load (0.3ms)[0m  [1m[34mSELECT `books`.* FROM `books`[0m
  [1m[36mUser Load (0.2ms)[0m  [1m[34mSELECT  `users`.* FROM `users` WHERE `users`.`id` = 1 LIMIT 1[0m
  [1m[36mAuthor Load (0.2ms)[0m  [1m[34mSELECT  `authors`.* FROM `authors` WHERE `authors`.`id` = 1 LIMIT 1[0m
  Rendered books/index.html.erb within layouts/application (3.1ms)
Completed 200 OK in 21ms (Views: 19.1ms | ActiveRecord: 0.8ms)


  [1m[35m (0.6ms)[0m  [1m[35mSET NAMES utf8,  @@SESSION.sql_mode = 'NO_ENGINE_SUBSTITUTION',  @@SESSION.sql_auto_is_null = 0, @@SESSION.wait_timeout = 2147483[0m
  [1m[36mBook Load (0.4ms)[0m  [1m[34mSELECT  `books`.* FROM `books` ORDER BY `books`.`id` ASC LIMIT 1[0m
  [1m[36mBook Load (0.5ms)[0m  [1m[34mSELECT  `books`.* FROM `books` ORDER BY `books`.`id` ASC LIMIT 1[0m
  [1m[36mUser Load (0.4ms)[0m  [1m[34mSELECT  `users`.* FROM `users` WHERE `users`.`id` = 1 LIMIT 1[0m
  [1m[36mAuthor Load (0.4ms)[0m  [1m[34mSELECT  `authors`.* FROM `authors` WHERE `authors`.`id` = 1 LIMIT 1[0m
  [1m[36mAuthor Load (0.3ms)[0m  [1m[34mSELECT  `authors`.* FROM `authors` ORDER BY `authors`.`id` ASC LIMIT 1[0m
  [1m[36mBook Load (1.3ms)[0m  [1m[34mSELECT  `books`.* FROM `books` WHERE `books`.`author_id` = 1 LIMIT 11[0m
